start->(-1, -1)
{->(-1, -1)
let->(-1, -1)
id->(15, 0)
;->(-1, -1)
let->(-1, -1)
id->(16, 0)
;->(-1, -1)
let->(-1, -1)
id->(0, 0)
;->(-1, -1)
write->(-1, -1)
id->(15, 0)
;->(-1, -1)
write->(-1, -1)
id->(16, 0)
;->(-1, -1)
write->(-1, -1)
id->(0, 0)
;->(-1, -1)
let->(-1, -1)
id->(12, 0)
;->(-1, -1)
if->(-1, -1)
(->(-1, -1)
id->(15, 0)
>->(-1, -1)
id->(16, 0)
and->(-1, -1)
id->(15, 0)
>->(-1, -1)
id->(0, 0)
)->(-1, -1)
{->(-1, -1)
id->(12, 0)
=->(-1, -1)
id->(15, 0)
;->(-1, -1)
}->(-1, -1)
if->(-1, -1)
(->(-1, -1)
id->(16, 0)
>->(-1, -1)
id->(15, 0)
and->(-1, -1)
id->(16, 0)
>->(-1, -1)
id->(0, 0)
)->(-1, -1)
{->(-1, -1)
id->(12, 0)
=->(-1, -1)
id->(16, 0)
;->(-1, -1)
}->(-1, -1)
if->(-1, -1)
(->(-1, -1)
id->(0, 0)
>->(-1, -1)
id->(15, 0)
and->(-1, -1)
id->(0, 0)
>->(-1, -1)
id->(16, 0)
)->(-1, -1)
{->(-1, -1)
id->(12, 0)
=->(-1, -1)
id->(0, 0)
;->(-1, -1)
}->(-1, -1)
write->(-1, -1)
id->(12, 0)
;->(-1, -1)
}->(-1, -1)
end->(-1, -1)
